#
# There is insufficient memory for the Java Runtime Environment to continue.
# Native memory allocation (malloc) failed to allocate 265008 bytes for Chunk::new
# Possible reasons:
#   The system is out of physical RAM or swap space
#   In 32 bit mode, the process size limit was hit
# Possible solutions:
#   Reduce memory load on the system
#   Increase physical memory or swap space
#   Check if swap backing store is full
#   Use 64 bit Java on a 64 bit OS
#   Decrease Java heap size (-Xmx/-Xms)
#   Decrease number of Java threads
#   Decrease Java thread stack sizes (-Xss)
#   Set larger code cache with -XX:ReservedCodeCacheSize=
# This output file may be truncated or incomplete.
#
#  Out of Memory Error (allocation.cpp:390), pid=23836, tid=0x000000000000547c
#
# JRE version: Java(TM) SE Runtime Environment (8.0_111-b14) (build 1.8.0_111-b14)
# Java VM: Java HotSpot(TM) 64-Bit Server VM (25.111-b14 mixed mode windows-amd64 compressed oops)
# Failed to write core dump. Minidumps are not enabled by default on client versions of Windows
#

---------------  T H R E A D  ---------------

Current thread (0x0000000019c2a800):  JavaThread "C2 CompilerThread1" daemon [_thread_in_native, id=21628, stack(0x000000001a500000,0x000000001a600000)]

Stack: [0x000000001a500000,0x000000001a600000]
[error occurred during error reporting (printing stack bounds), id 0xc0000005]

Native frames: (J=compiled Java code, j=interpreted, Vv=VM code, C=native code)


Current CompileTask:
C2:  19910 1138   !   4       sun.awt.PostEventQueue::flush (168 bytes)


---------------  P R O C E S S  ---------------

Java Threads: ( => current thread )
  0x000000001ae0b800 JavaThread "TimerQueue" daemon [_thread_blocked, id=23984, stack(0x000000001d570000,0x000000001d670000)]
  0x0000000002c80800 JavaThread "DestroyJavaVM" [_thread_blocked, id=28428, stack(0x0000000002b80000,0x0000000002c80000)]
  0x000000001abcc000 JavaThread "AWT-EventQueue-0" [_thread_in_Java, id=24916, stack(0x000000001c010000,0x000000001c110000)]
  0x000000001aba7000 JavaThread "AWT-Windows" daemon [_thread_in_native, id=23856, stack(0x000000001b620000,0x000000001b720000)]
  0x000000001aba4800 JavaThread "AWT-Shutdown" [_thread_blocked, id=26288, stack(0x000000001b520000,0x000000001b620000)]
  0x000000001aba3800 JavaThread "Java2D Disposer" daemon [_thread_blocked, id=22376, stack(0x000000001b420000,0x000000001b520000)]
  0x0000000019cce000 JavaThread "Service Thread" daemon [_thread_blocked, id=26540, stack(0x000000001a800000,0x000000001a900000)]
  0x0000000019c36800 JavaThread "C1 CompilerThread3" daemon [_thread_blocked, id=22464, stack(0x000000001a700000,0x000000001a800000)]
  0x0000000019c2f000 JavaThread "C2 CompilerThread2" daemon [_thread_blocked, id=20036, stack(0x000000001a600000,0x000000001a700000)]
=>0x0000000019c2a800 JavaThread "C2 CompilerThread1" daemon [_thread_in_native, id=21628, stack(0x000000001a500000,0x000000001a600000)]
  0x0000000019c26800 JavaThread "C2 CompilerThread0" daemon [_thread_blocked, id=4848, stack(0x000000001a400000,0x000000001a500000)]
  0x0000000019c25000 JavaThread "Attach Listener" daemon [_thread_blocked, id=24940, stack(0x000000001a300000,0x000000001a400000)]
  0x0000000019c24000 JavaThread "Signal Dispatcher" daemon [_thread_blocked, id=16764, stack(0x000000001a200000,0x000000001a300000)]
  0x0000000019c20800 JavaThread "Finalizer" daemon [_thread_blocked, id=23244, stack(0x000000001a000000,0x000000001a100000)]
  0x0000000002d76000 JavaThread "Reference Handler" daemon [_thread_blocked, id=5336, stack(0x0000000019b00000,0x0000000019c00000)]

Other Threads:
  0x0000000017d29000 VMThread [stack: 0x0000000019a00000,0x0000000019b00000] [id=28144]
  0x0000000019cf1800 WatcherThread [stack: 0x000000001a900000,0x000000001aa00000] [id=1852]

VM state:not at safepoint (normal execution)

VM Mutex/Monitor currently owned by a thread: None

Heap:
 PSYoungGen      total 138240K, used 111115K [0x00000000d5d00000, 0x00000000de900000, 0x0000000100000000)
  eden space 133120K, 83% used [0x00000000d5d00000,0x00000000dc982d30,0x00000000ddf00000)
  from space 5120K, 0% used [0x00000000ddf00000,0x00000000ddf00000,0x00000000de400000)
  to   space 5120K, 0% used [0x00000000de400000,0x00000000de400000,0x00000000de900000)
 ParOldGen       total 162816K, used 161207K [0x0000000081600000, 0x000000008b500000, 0x00000000d5d00000)
  object space 162816K, 99% used [0x0000000081600000,0x000000008b36dda8,0x000000008b500000)
 Metaspace       used 11067K, capacity 11316K, committed 11520K, reserved 1058816K
  class space    used 1318K, capacity 1421K, committed 1536K, reserved 1048576K

Card table byte_map: [0x0000000012140000,0x0000000012540000] byte_map_base: 0x0000000011d35000

Marking Bits: (ParMarkBitMap*) 0x000000005e5fa6c0
 Begin Bits: [0x0000000012ff0000, 0x0000000014f98000)
 End Bits:   [0x0000000014f98000, 0x0000000016f40000)

Polling page: 0x00000000012b0000

CodeCache: size=245760Kb used=4567Kb max_used=4584Kb free=241192Kb
 bounds [0x0000000002d80000, 0x0000000003210000, 0x0000000011d80000]
 total_blobs=1609 nmethods=1133 adapters=389
 compilation: enabled

Compilation events (10 events):
Event: 9.877 Thread 0x0000000019c2f000 nmethod 1135 0x00000000031f5f50 code [0x00000000031f6240, 0x00000000031f8bd8]
Event: 17.279 Thread 0x0000000019c36800 1136   !   3       sun.awt.PostEventQueue::flush (168 bytes)
Event: 17.281 Thread 0x0000000019c36800 nmethod 1136 0x0000000003194a90 code [0x0000000003194ce0, 0x0000000003195e08]
Event: 18.402 Thread 0x0000000019c2f000 1137   !   4       sun.awt.PostEventQueue::flush (168 bytes)
Event: 18.460 Thread 0x0000000019c2f000 nmethod 1137 0x00000000031fb990 code [0x00000000031fbca0, 0x00000000031fe538]
Event: 19.749 Thread 0x0000000019c2a800 1138   !   4       sun.awt.PostEventQueue::flush (168 bytes)
Event: 19.749 Thread 0x0000000019c36800 1139       3       javax.swing.text.DefaultCaret::setDot (46 bytes)
Event: 19.750 Thread 0x0000000019c36800 nmethod 1139 0x0000000003185190 code [0x0000000003185340, 0x0000000003185958]
Event: 19.786 Thread 0x0000000019c26800 1140       4       javax.swing.text.DefaultCaret::setDot (46 bytes)
Event: 19.788 Thread 0x0000000019c26800 nmethod 1140 0x0000000003143e10 code [0x0000000003143f60, 0x0000000003144058]

GC Heap History (10 events):
Event: 7.822 GC heap before
{Heap before GC invocations=6 (full 1):
 PSYoungGen      total 138240K, used 5118K [0x00000000d5d00000, 0x00000000de900000, 0x0000000100000000)
  eden space 133120K, 0% used [0x00000000d5d00000,0x00000000d5d00000,0x00000000ddf00000)
  from space 5120K, 99% used [0x00000000ddf00000,0x00000000de3ff828,0x00000000de400000)
  to   space 5120K, 0% used [0x00000000de400000,0x00000000de400000,0x00000000de900000)
 ParOldGen       total 87552K, used 68438K [0x0000000081600000, 0x0000000086b80000, 0x00000000d5d00000)
  object space 87552K, 78% used [0x0000000081600000,0x00000000858d5b30,0x0000000086b80000)
 Metaspace       used 11067K, capacity 11316K, committed 11520K, reserved 1058816K
  class space    used 1318K, capacity 1421K, committed 1536K, reserved 1048576K
Event: 9.752 GC heap after
Heap after GC invocations=6 (full 1):
 PSYoungGen      total 138240K, used 0K [0x00000000d5d00000, 0x00000000de900000, 0x0000000100000000)
  eden space 133120K, 0% used [0x00000000d5d00000,0x00000000d5d00000,0x00000000ddf00000)
  from space 5120K, 0% used [0x00000000ddf00000,0x00000000ddf00000,0x00000000de400000)
  to   space 5120K, 0% used [0x00000000de400000,0x00000000de400000,0x00000000de900000)
 ParOldGen       total 162816K, used 73074K [0x0000000081600000, 0x000000008b500000, 0x00000000d5d00000)
  object space 162816K, 44% used [0x0000000081600000,0x0000000085d5cb70,0x000000008b500000)
 Metaspace       used 11067K, capacity 11316K, committed 11520K, reserved 1058816K
  class space    used 1318K, capacity 1421K, committed 1536K, reserved 1048576K
}
Event: 11.613 GC heap before
{Heap before GC invocations=7 (full 1):
 PSYoungGen      total 138240K, used 133120K [0x00000000d5d00000, 0x00000000de900000, 0x0000000100000000)
  eden space 133120K, 100% used [0x00000000d5d00000,0x00000000ddf00000,0x00000000ddf00000)
  from space 5120K, 0% used [0x00000000ddf00000,0x00000000ddf00000,0x00000000de400000)
  to   space 5120K, 0% used [0x00000000de400000,0x00000000de400000,0x00000000de900000)
 ParOldGen       total 162816K, used 73074K [0x0000000081600000, 0x000000008b500000, 0x00000000d5d00000)
  object space 162816K, 44% used [0x0000000081600000,0x0000000085d5cb70,0x000000008b500000)
 Metaspace       used 11067K, capacity 11316K, committed 11520K, reserved 1058816K
  class space    used 1318K, capacity 1421K, committed 1536K, reserved 1048576K
Event: 11.814 GC heap after
Heap after GC invocations=7 (full 1):
 PSYoungGen      total 138240K, used 5120K [0x00000000d5d00000, 0x00000000de900000, 0x0000000100000000)
  eden space 133120K, 0% used [0x00000000d5d00000,0x00000000d5d00000,0x00000000ddf00000)
  from space 5120K, 100% used [0x00000000de400000,0x00000000de900000,0x00000000de900000)
  to   space 5120K, 0% used [0x00000000ddf00000,0x00000000ddf00000,0x00000000de400000)
 ParOldGen       total 162816K, used 97386K [0x0000000081600000, 0x000000008b500000, 0x00000000d5d00000)
  object space 162816K, 59% used [0x0000000081600000,0x000000008751ab70,0x000000008b500000)
 Metaspace       used 11067K, capacity 11316K, committed 11520K, reserved 1058816K
  class space    used 1318K, capacity 1421K, committed 1536K, reserved 1048576K
}
Event: 13.635 GC heap before
{Heap before GC invocations=8 (full 1):
 PSYoungGen      total 138240K, used 138240K [0x00000000d5d00000, 0x00000000de900000, 0x0000000100000000)
  eden space 133120K, 100% used [0x00000000d5d00000,0x00000000ddf00000,0x00000000ddf00000)
  from space 5120K, 100% used [0x00000000de400000,0x00000000de900000,0x00000000de900000)
  to   space 5120K, 0% used [0x00000000ddf00000,0x00000000ddf00000,0x00000000de400000)
 ParOldGen       total 162816K, used 97386K [0x0000000081600000, 0x000000008b500000, 0x00000000d5d00000)
  object space 162816K, 59% used [0x0000000081600000,0x000000008751ab70,0x000000008b500000)
 Metaspace       used 11067K, capacity 11316K, committed 11520K, reserved 1058816K
  class space    used 1318K, capacity 1421K, committed 1536K, reserved 1048576K
Event: 13.839 GC heap after
Heap after GC invocations=8 (full 1):
 PSYoungGen      total 138240K, used 5120K [0x00000000d5d00000, 0x00000000de900000, 0x0000000100000000)
  eden space 133120K, 0% used [0x00000000d5d00000,0x00000000d5d00000,0x00000000ddf00000)
  from space 5120K, 100% used [0x00000000ddf00000,0x00000000de400000,0x00000000de400000)
  to   space 5120K, 0% used [0x00000000de400000,0x00000000de400000,0x00000000de900000)
 ParOldGen       total 162816K, used 126938K [0x0000000081600000, 0x000000008b500000, 0x00000000d5d00000)
  object space 162816K, 77% used [0x0000000081600000,0x00000000891f6b70,0x000000008b500000)
 Metaspace       used 11067K, capacity 11316K, committed 11520K, reserved 1058816K
  class space    used 1318K, capacity 1421K, committed 1536K, reserved 1048576K
}
Event: 13.839 GC heap before
{Heap before GC invocations=9 (full 2):
 PSYoungGen      total 138240K, used 5120K [0x00000000d5d00000, 0x00000000de900000, 0x0000000100000000)
  eden space 133120K, 0% used [0x00000000d5d00000,0x00000000d5d00000,0x00000000ddf00000)
  from space 5120K, 100% used [0x00000000ddf00000,0x00000000de400000,0x00000000de400000)
  to   space 5120K, 0% used [0x00000000de400000,0x00000000de400000,0x00000000de900000)
 ParOldGen       total 162816K, used 126938K [0x0000000081600000, 0x000000008b500000, 0x00000000d5d00000)
  object space 162816K, 77% used [0x0000000081600000,0x00000000891f6b70,0x000000008b500000)
 Metaspace       used 11067K, capacity 11316K, committed 11520K, reserved 1058816K
  class space    used 1318K, capacity 1421K, committed 1536K, reserved 1048576K
Event: 15.463 GC heap after
Heap after GC invocations=9 (full 2):
 PSYoungGen      total 138240K, used 0K [0x00000000d5d00000, 0x00000000de900000, 0x0000000100000000)
  eden space 133120K, 0% used [0x00000000d5d00000,0x00000000d5d00000,0x00000000ddf00000)
  from space 5120K, 0% used [0x00000000ddf00000,0x00000000ddf00000,0x00000000de400000)
  to   space 5120K, 0% used [0x00000000de400000,0x00000000de400000,0x00000000de900000)
 ParOldGen       total 162816K, used 131750K [0x0000000081600000, 0x000000008b500000, 0x00000000d5d00000)
  object space 162816K, 80% used [0x0000000081600000,0x00000000896a9bc0,0x000000008b500000)
 Metaspace       used 11067K, capacity 11316K, committed 11520K, reserved 1058816K
  class space    used 1318K, capacity 1421K, committed 1536K, reserved 1048576K
}
Event: 17.300 GC heap before
{Heap before GC invocations=10 (full 3):
 PSYoungGen      total 138240K, used 133120K [0x00000000d5d00000, 0x00000000de900000, 0x0000000100000000)
  eden space 133120K, 100% used [0x00000000d5d00000,0x00000000ddf00000,0x00000000ddf00000)
  from space 5120K, 0% used [0x00000000ddf00000,0x00000000ddf00000,0x00000000de400000)
  to   space 5120K, 0% used [0x00000000de400000,0x00000000de400000,0x00000000de900000)
 ParOldGen       total 162816K, used 131750K [0x0000000081600000, 0x000000008b500000, 0x00000000d5d00000)
  object space 162816K, 80% used [0x0000000081600000,0x00000000896a9bc0,0x000000008b500000)
 Metaspace       used 11067K, capacity 11316K, committed 11520K, reserved 1058816K
  class space    used 1318K, capacity 1421K, committed 1536K, reserved 1048576K
Event: 18.386 GC heap after
Heap after GC invocations=10 (full 3):
 PSYoungGen      total 138240K, used 0K [0x00000000d5d00000, 0x00000000de900000, 0x0000000100000000)
  eden space 133120K, 0% used [0x00000000d5d00000,0x00000000d5d00000,0x00000000ddf00000)
  from space 5120K, 0% used [0x00000000ddf00000,0x00000000ddf00000,0x00000000de400000)
  to   space 5120K, 0% used [0x00000000de400000,0x00000000de400000,0x00000000de900000)
 ParOldGen       total 162816K, used 161207K [0x0000000081600000, 0x000000008b500000, 0x00000000d5d00000)
  object space 162816K, 99% used [0x0000000081600000,0x000000008b36dda8,0x000000008b500000)
 Metaspace       used 11067K, capacity 11316K, committed 11520K, reserved 1058816K
  class space    used 1318K, capacity 1421K, committed 1536K, reserved 1048576K
}

Deoptimization events (10 events):
Event: 3.575 Thread 0x000000001abcc000 Uncommon trap: reason=unstable_if action=reinterpret pc=0x00000000031261f4 method=java.lang.ref.SoftReference.get()Ljava/lang/Object; @ 17
Event: 9.752 Thread 0x000000001abcc000 Uncommon trap: reason=unstable_if action=reinterpret pc=0x0000000003131c38 method=java.awt.EventQueue.getPriority(Ljava/awt/AWTEvent;)I @ 64
Event: 11.815 Thread 0x000000001abcc000 Uncommon trap: reason=speculate_class_check action=maybe_recompile pc=0x00000000031f7fd4 method=java.awt.EventQueue.coalesceEvent(Ljava/awt/AWTEvent;I)Z @ 13
Event: 17.278 Thread 0x000000001abcc000 Uncommon trap: reason=unstable_if action=reinterpret pc=0x00000000031f7590 method=java.util.concurrent.locks.ReentrantLock$NonfairSync.lock()V @ 6
Event: 17.278 Thread 0x000000001abcc000 Uncommon trap: reason=unstable_if action=reinterpret pc=0x00000000031211fc method=java.awt.EventQueue.getPriority(Ljava/awt/AWTEvent;)I @ 64
Event: 19.566 Thread 0x000000001abcc000 Uncommon trap: reason=speculate_class_check action=maybe_recompile pc=0x00000000031fd9f0 method=java.awt.EventQueue.coalesceEvent(Ljava/awt/AWTEvent;I)Z @ 53
Event: 19.566 Thread 0x000000001aba7000 Uncommon trap: reason=unstable_if action=reinterpret pc=0x00000000030d1c54 method=java.util.concurrent.locks.ReentrantLock$NonfairSync.lock()V @ 6
Event: 19.566 Thread 0x000000001abcc000 Uncommon trap: reason=speculate_class_check action=maybe_recompile pc=0x00000000031fd9f0 method=java.awt.EventQueue.coalesceEvent(Ljava/awt/AWTEvent;I)Z @ 53
Event: 19.748 Thread 0x000000001abcc000 Uncommon trap: reason=speculate_class_check action=maybe_recompile pc=0x00000000031fd9f0 method=java.awt.EventQueue.coalesceEvent(Ljava/awt/AWTEvent;I)Z @ 53
Event: 19.749 Thread 0x000000001abcc000 Uncommon trap: reason=unstable_if action=reinterpret pc=0x0000000003154f20 method=java.util.concurrent.locks.ReentrantLock$NonfairSync.lock()V @ 6

Internal exceptions (10 events):
Event: 0.034 Thread 0x0000000002c80800 Exception <a 'java/lang/NoSuchMethodError': Method sun.misc.Unsafe.prefetchRead(Ljava/lang/Object;J)V name or signature does not match> (0x00000000d5d07f60) thrown at [C:\re\workspace\8-2-build-windows-amd64-cygwin\jdk8u111\7883\hotspot\src\share\vm\prims
Event: 0.091 Thread 0x0000000002c80800 Exception <a 'java/security/PrivilegedActionException'> (0x00000000d5d82780) thrown at [C:\re\workspace\8-2-build-windows-amd64-cygwin\jdk8u111\7883\hotspot\src\share\vm\prims\jvm.cpp, line 1386]
Event: 0.091 Thread 0x0000000002c80800 Exception <a 'java/security/PrivilegedActionException'> (0x00000000d5d82990) thrown at [C:\re\workspace\8-2-build-windows-amd64-cygwin\jdk8u111\7883\hotspot\src\share\vm\prims\jvm.cpp, line 1386]
Event: 0.091 Thread 0x0000000002c80800 Exception <a 'java/security/PrivilegedActionException'> (0x00000000d5d86878) thrown at [C:\re\workspace\8-2-build-windows-amd64-cygwin\jdk8u111\7883\hotspot\src\share\vm\prims\jvm.cpp, line 1386]
Event: 0.091 Thread 0x0000000002c80800 Exception <a 'java/security/PrivilegedActionException'> (0x00000000d5d86a88) thrown at [C:\re\workspace\8-2-build-windows-amd64-cygwin\jdk8u111\7883\hotspot\src\share\vm\prims\jvm.cpp, line 1386]
Event: 0.096 Thread 0x0000000002c80800 Exception <a 'java/io/FileNotFoundException'> (0x00000000d5d89000) thrown at [C:\re\workspace\8-2-build-windows-amd64-cygwin\jdk8u111\7883\hotspot\src\share\vm\prims\jni.cpp, line 709]
Event: 0.128 Thread 0x0000000002c80800 Exception <a 'java/lang/NoSuchFieldError': method resolution failed> (0x00000000d5efcf48) thrown at [C:\re\workspace\8-2-build-windows-amd64-cygwin\jdk8u111\7883\hotspot\src\share\vm\prims\methodHandles.cpp, line 1146]
Event: 0.130 Thread 0x0000000002c80800 Exception <a 'java/lang/NoSuchFieldError': method resolution failed> (0x00000000d5f0a318) thrown at [C:\re\workspace\8-2-build-windows-amd64-cygwin\jdk8u111\7883\hotspot\src\share\vm\prims\methodHandles.cpp, line 1146]
Event: 0.172 Thread 0x0000000002c80800 Exception <a 'java/io/FileNotFoundException'> (0x00000000d5f9e030) thrown at [C:\re\workspace\8-2-build-windows-amd64-cygwin\jdk8u111\7883\hotspot\src\share\vm\prims\jni.cpp, line 709]
Event: 0.207 Thread 0x0000000002c80800 Implicit null exception at 0x0000000002eea5e2 to 0x0000000002eea7a9

Events (10 events):
Event: 19.566 Thread 0x000000001abcc000 DEOPT UNPACKING pc=0x0000000002dc582a sp=0x000000001c10c640 mode 2
Event: 19.566 Thread 0x000000001abcc000 Uncommon trap: trap_request=0xffffff76 fr.pc=0x00000000031fd9f0
Event: 19.566 Thread 0x000000001abcc000 DEOPT PACKING pc=0x00000000031fd9f0 sp=0x000000001c10c690
Event: 19.566 Thread 0x000000001abcc000 DEOPT UNPACKING pc=0x0000000002dc582a sp=0x000000001c10c4f0 mode 2
Event: 19.748 Thread 0x000000001abcc000 Uncommon trap: trap_request=0xffffff76 fr.pc=0x00000000031fd9f0
Event: 19.748 Thread 0x000000001abcc000 DEOPT PACKING pc=0x00000000031fd9f0 sp=0x000000001c10c7e0
Event: 19.748 Thread 0x000000001abcc000 DEOPT UNPACKING pc=0x0000000002dc582a sp=0x000000001c10c640 mode 2
Event: 19.749 Thread 0x000000001abcc000 Uncommon trap: trap_request=0xffffff65 fr.pc=0x0000000003154f20
Event: 19.749 Thread 0x000000001abcc000 DEOPT PACKING pc=0x0000000003154f20 sp=0x000000001c10c770
Event: 19.749 Thread 0x000000001abcc000 DEOPT UNPACKING pc=0x0000000002dc582a sp=0x000000001c10c488 mode 2


Dynamic libraries:
0x00007ff729350000 - 0x00007ff729387000 	C:\Program Files\Java\jdk1.8.0_111\bin\java.exe
0x00007fff6e8d0000 - 0x00007fff6eac8000 	C:\WINDOWS\SYSTEM32\ntdll.dll
0x00007fff6e080000 - 0x00007fff6e13d000 	C:\WINDOWS\System32\KERNEL32.DLL
0x00007fff6bff0000 - 0x00007fff6c2be000 	C:\WINDOWS\System32\KERNELBASE.dll
0x00007fff6cd40000 - 0x00007fff6cdee000 	C:\WINDOWS\System32\ADVAPI32.dll
0x00007fff6d070000 - 0x00007fff6d10e000 	C:\WINDOWS\System32\msvcrt.dll
0x00007fff6cb70000 - 0x00007fff6cc0c000 	C:\WINDOWS\System32\sechost.dll
0x00007fff6cc10000 - 0x00007fff6cd35000 	C:\WINDOWS\System32\RPCRT4.dll
0x00007fff6c9d0000 - 0x00007fff6cb70000 	C:\WINDOWS\System32\USER32.dll
0x00007fff6c2c0000 - 0x00007fff6c2e2000 	C:\WINDOWS\System32\win32u.dll
0x00007fff6c9a0000 - 0x00007fff6c9ca000 	C:\WINDOWS\System32\GDI32.dll
0x00007fff6c640000 - 0x00007fff6c74b000 	C:\WINDOWS\System32\gdi32full.dll
0x00007fff6c570000 - 0x00007fff6c60d000 	C:\WINDOWS\System32\msvcp_win.dll
0x00007fff6c750000 - 0x00007fff6c850000 	C:\WINDOWS\System32\ucrtbase.dll
0x00007fff53700000 - 0x00007fff5399a000 	C:\WINDOWS\WinSxS\amd64_microsoft.windows.common-controls_6595b64144ccf1df_6.0.19041.1110_none_60b5254171f9507e\COMCTL32.dll
0x00007fff6da80000 - 0x00007fff6dab0000 	C:\WINDOWS\System32\IMM32.DLL
0x000000005dd00000 - 0x000000005ddd2000 	C:\Program Files\Java\jdk1.8.0_111\jre\bin\msvcr100.dll
0x000000005dde0000 - 0x000000005e67a000 	C:\Program Files\Java\jdk1.8.0_111\jre\bin\server\jvm.dll
0x00007fff6d130000 - 0x00007fff6d138000 	C:\WINDOWS\System32\PSAPI.DLL
0x00007fff65130000 - 0x00007fff6513a000 	C:\WINDOWS\SYSTEM32\VERSION.dll
0x00007fff685f0000 - 0x00007fff685f9000 	C:\WINDOWS\SYSTEM32\WSOCK32.dll
0x00007fff45db0000 - 0x00007fff45dd7000 	C:\WINDOWS\SYSTEM32\WINMM.dll
0x00007fff6dfb0000 - 0x00007fff6e01b000 	C:\WINDOWS\System32\WS2_32.dll
0x000000005dcb0000 - 0x000000005dcbf000 	C:\Program Files\Java\jdk1.8.0_111\jre\bin\verify.dll
0x000000005dc80000 - 0x000000005dca9000 	C:\Program Files\Java\jdk1.8.0_111\jre\bin\java.dll
0x000000005dc60000 - 0x000000005dc76000 	C:\Program Files\Java\jdk1.8.0_111\jre\bin\zip.dll
0x00007fff6e140000 - 0x00007fff6e883000 	C:\WINDOWS\System32\SHELL32.dll
0x00007fff6a0e0000 - 0x00007fff6a875000 	C:\WINDOWS\SYSTEM32\windows.storage.dll
0x00007fff6dc50000 - 0x00007fff6dfa4000 	C:\WINDOWS\System32\combase.dll
0x00007fff6b980000 - 0x00007fff6b9b0000 	C:\WINDOWS\SYSTEM32\Wldp.dll
0x00007fff6dba0000 - 0x00007fff6dc4d000 	C:\WINDOWS\System32\SHCORE.dll
0x00007fff6d140000 - 0x00007fff6d195000 	C:\WINDOWS\System32\shlwapi.dll
0x00007fff6bf30000 - 0x00007fff6bf4f000 	C:\WINDOWS\SYSTEM32\profapi.dll
0x000000005da80000 - 0x000000005dc18000 	C:\Program Files\Java\jdk1.8.0_111\jre\bin\awt.dll
0x00007fff6d9b0000 - 0x00007fff6da7d000 	C:\WINDOWS\System32\OLEAUT32.dll
0x00007fff69950000 - 0x00007fff699e0000 	C:\WINDOWS\SYSTEM32\apphelp.dll
0x00007fff69bf0000 - 0x00007fff69c1f000 	C:\WINDOWS\system32\DWMAPI.DLL
0x00007fff69a00000 - 0x00007fff69a9e000 	C:\WINDOWS\system32\uxtheme.dll
0x00007fff6ce70000 - 0x00007fff6cf85000 	C:\WINDOWS\System32\MSCTF.dll
0x00007fff6d6d0000 - 0x00007fff6d7fa000 	C:\WINDOWS\System32\ole32.dll
0x00007fff69ee0000 - 0x00007fff69ef2000 	C:\WINDOWS\SYSTEM32\kernel.appcore.dll
0x00007fff6c8a0000 - 0x00007fff6c922000 	C:\WINDOWS\System32\bcryptPrimitives.dll
0x000000005da30000 - 0x000000005da77000 	C:\Program Files\Java\jdk1.8.0_111\jre\bin\fontmanager.dll
0x00007fff65890000 - 0x00007fff65989000 	C:\WINDOWS\SYSTEM32\textinputframework.dll
0x00007fff693c0000 - 0x00007fff6971e000 	C:\WINDOWS\System32\CoreUIComponents.dll
0x00007fff69720000 - 0x00007fff69812000 	C:\WINDOWS\System32\CoreMessaging.dll
0x00007fff6acf0000 - 0x00007fff6ad23000 	C:\WINDOWS\SYSTEM32\ntmarta.dll
0x00007fff69050000 - 0x00007fff691a4000 	C:\WINDOWS\SYSTEM32\wintypes.dll
0x000000005dc40000 - 0x000000005dc5a000 	C:\Program Files\Java\jdk1.8.0_111\jre\bin\net.dll
0x00007fff6b6e0000 - 0x00007fff6b74a000 	C:\WINDOWS\system32\mswsock.dll
0x000000005dc20000 - 0x000000005dc31000 	C:\Program Files\Java\jdk1.8.0_111\jre\bin\nio.dll
0x000000005d9e0000 - 0x000000005da22000 	C:\Program Files\Java\jdk1.8.0_111\jre\bin\t2k.dll
0x00007fff6d610000 - 0x00007fff6d6b9000 	C:\WINDOWS\System32\clbcatq.dll
0x00007fff652b0000 - 0x00007fff65464000 	C:\WINDOWS\SYSTEM32\WindowsCodecs.dll
0x00007fff6c610000 - 0x00007fff6c637000 	C:\WINDOWS\System32\bcrypt.dll
0x00007fff47fa0000 - 0x00007fff47fde000 	C:\WINDOWS\system32\dataexchange.dll
0x00007fff678f0000 - 0x00007fff67b53000 	C:\WINDOWS\system32\d3d11.dll
0x00007fff691d0000 - 0x00007fff693b4000 	C:\WINDOWS\system32\dcomp.dll
0x00007fff6aaf0000 - 0x00007fff6abe3000 	C:\WINDOWS\system32\dxgi.dll
0x00007fff65570000 - 0x00007fff65770000 	C:\WINDOWS\system32\twinapi.appcore.dll

VM Arguments:
jvm_args: -Dfile.encoding=UTF-8 
java_command: spl1.start
java_class_path (initial): D:\Project\build\classes
Launcher Type: SUN_STANDARD

Environment Variables:
JAVA_HOME=C:\Program Files\Java\jdk1.8.0_111
PATH=C:\ProgramData\Oracle\Java\javapath;C:\WINDOWS\system32;C:\WINDOWS;C:\WINDOWS\System32\Wbem;C:\WINDOWS\System32\WindowsPowerShell\v1.0\;C:\WINDOWS\System32\OpenSSH\;C:\Program Files\Java\jdk1.8.0_111\bin;C:\Program Files\Java\jdk1.8.0_111\bin;C:\Users\fazil\AppData\Local\Microsoft\WindowsApps;C:\Program Files\Java\jdk1.8.0_111\bin;
USERNAME=jahan
OS=Windows_NT
PROCESSOR_IDENTIFIER=Intel64 Family 6 Model 142 Stepping 10, GenuineIntel



---------------  S Y S T E M  ---------------

OS: Windows 10.0 , 64 bit Build 19041 (10.0.19041.1889)

CPU:total 8 (4 cores per cpu, 2 threads per core) family 6 model 142 stepping 10, cmov, cx8, fxsr, mmx, sse, sse2, sse3, ssse3, sse4.1, sse4.2, popcnt, avx, avx2, aes, clmul, erms, 3dnowpref, lzcnt, ht, tsc, tscinvbit, bmi1, bmi2, adx

Memory: 4k page, physical 8295652k(450644k free), swap 33461476k(632k free)

vm_info: Java HotSpot(TM) 64-Bit Server VM (25.111-b14) for windows-amd64 JRE (1.8.0_111-b14), built on Sep 22 2016 19:24:05 by "java_re" with MS VC++ 10.0 (VS2010)

time: Sun Sep 25 13:09:20 2022
elapsed time: 19 seconds (0d 0h 0m 19s)

